<?xml version="1.0" encoding="UTF-8"?>
<!-- Generated by org.testng.reporters.JUnitXMLReporter -->
<testsuite ignored="1" hostname="DESKTOP-JPO1NOA" failures="5" tests="5" name="TestLoginFunctionalities" time="0.339" errors="0" timestamp="2024-10-20T17:05:11 PDT">
  <testcase classname="com.salesforce.tests.Test_SFDCLogin" name="test_CheckRememberMe" time="0.02">
    <failure type="java.lang.Error" message="Unresolved compilation problem: 
	The method closeDriverInstance() is undefined for the type HomePage
">
      <![CDATA[java.lang.Error: Unresolved compilation problem: 
The method closeDriverInstance() is undefined for the type HomePage

at com.salesforce.tests.Test_SFDCLogin.test_CheckRememberMe(Test_SFDCLogin.java:161)
at java.base/java.util.ArrayList.forEach(ArrayList.java:1511)
... Removed 27 stack frames]]>
    </failure>
  </testcase> <!-- test_CheckRememberMe -->
  <testcase classname="com.salesforce.tests.Test_SFDCLogin" name="test_ForgotPassword" time="0.005">
    <failure type="java.lang.Error" message="Unresolved compilation problem: 
	The method closeDriverInstance() is undefined for the type LoginPage
">
      <![CDATA[java.lang.Error: Unresolved compilation problem: 
The method closeDriverInstance() is undefined for the type LoginPage

at com.salesforce.tests.Test_SFDCLogin.test_ForgotPassword(Test_SFDCLogin.java:190)
at java.base/java.util.ArrayList.forEach(ArrayList.java:1511)
... Removed 27 stack frames]]>
    </failure>
  </testcase> <!-- test_ForgotPassword -->
  <testcase classname="com.salesforce.tests.Test_SFDCLogin" name="test_LoginErrorMessage" time="0.111">
    <failure type="java.lang.NullPointerException" message="Cannot invoke &amp;quot;org.openqa.selenium.SearchContext.findElement(org.openqa.selenium.By)&amp;quot; because &amp;quot;this.searchContext&amp;quot; is null">
      <![CDATA[java.lang.NullPointerException: Cannot invoke "org.openqa.selenium.SearchContext.findElement(org.openqa.selenium.By)" because "this.searchContext" is null
at org.openqa.selenium.support.pagefactory.DefaultElementLocator.findElement(DefaultElementLocator.java:69)
at org.openqa.selenium.support.pagefactory.internal.LocatingElementHandler.invoke(LocatingElementHandler.java:38)
at jdk.proxy2/jdk.proxy2.$Proxy29.isDisplayed(Unknown Source)
at com.salesforce.pages.BasePage.enterText(BasePage.java:44)
at com.salesforce.pages.LoginPage.enterUserName(LoginPage.java:40)
at com.salesforce.tests.Test_SFDCLogin.test_LoginErrorMessage(Test_SFDCLogin.java:102)
at java.base/java.util.ArrayList.forEach(ArrayList.java:1511)
... Removed 27 stack frames]]>
    </failure>
  </testcase> <!-- test_LoginErrorMessage -->
  <testcase classname="com.salesforce.tests.Test_SFDCLogin" name="test_LoginWithInvalidUserNamePswd" time="0.005">
    <failure type="java.lang.Error" message="Unresolved compilation problem: 
	The method closeDriverInstance() is undefined for the type LoginPage
">
      <![CDATA[java.lang.Error: Unresolved compilation problem: 
The method closeDriverInstance() is undefined for the type LoginPage

at com.salesforce.tests.Test_SFDCLogin.test_LoginWithInvalidUserNamePswd(Test_SFDCLogin.java:211)
at java.base/java.util.ArrayList.forEach(ArrayList.java:1511)
... Removed 27 stack frames]]>
    </failure>
  </testcase> <!-- test_LoginWithInvalidUserNamePswd -->
  <testcase classname="com.salesforce.tests.Test_SFDCLogin" name="test_LoginWithValidLoginCredentials" time="0.005">
    <failure type="java.lang.Error" message="Unresolved compilation problem: 
	The method closeDriverInstance() is undefined for the type LoginPage
">
      <![CDATA[java.lang.Error: Unresolved compilation problem: 
The method closeDriverInstance() is undefined for the type LoginPage

at com.salesforce.tests.Test_SFDCLogin.test_LoginWithValidLoginCredentials(Test_SFDCLogin.java:132)
at java.base/java.util.ArrayList.forEach(ArrayList.java:1511)
... Removed 27 stack frames]]>
    </failure>
  </testcase> <!-- test_LoginWithValidLoginCredentials -->
  <testcase classname="com.salesforce.tests.Test_SFDCLogin" name="loginWithDifferentLoginDataSet" time="0.0">
    <ignored/>
  </testcase> <!-- loginWithDifferentLoginDataSet -->
</testsuite> <!-- TestLoginFunctionalities -->
