<html>
<head>
<title>TestNG:  AllTest</title>
<link href="../testng.css" rel="stylesheet" type="text/css" />
<link href="../my-testng.css" rel="stylesheet" type="text/css" />

<style type="text/css">
.log { display: none;} 
.stack-trace { display: none;} 
</style>
<script type="text/javascript">
<!--
function flip(e) {
  current = e.style.display;
  if (current == 'block') {
    e.style.display = 'none';
    return 0;
  }
  else {
    e.style.display = 'block';
    return 1;
  }
}

function toggleBox(szDivId, elem, msg1, msg2)
{
  var res = -1;  if (document.getElementById) {
    res = flip(document.getElementById(szDivId));
  }
  else if (document.all) {
    // this is the way old msie versions work
    res = flip(document.all[szDivId]);
  }
  if(elem) {
    if(res == 0) elem.innerHTML = msg1; else elem.innerHTML = msg2;
  }

}

function toggleAllBoxes() {
  if (document.getElementsByTagName) {
    d = document.getElementsByTagName('div');
    for (i = 0; i < d.length; i++) {
      if (d[i].className == 'log') {
        flip(d[i]);
      }
    }
  }
}

// -->
</script>

</head>
<body>
<h2 align='center'>AllTest</h2><table border='1' align="center">
<tr>
<td>Tests passed/Failed/Skipped:</td><td>11/2/0</td>
</tr><tr>
<td>Started on:</td><td>Sun Oct 27 21:51:14 PDT 2024</td>
</tr>
<tr><td>Total time:</td><td>264 seconds (264579 ms)</td>
</tr><tr>
<td>Included groups:</td><td></td>
</tr><tr>
<td>Excluded groups:</td><td></td>
</tr>
</table><p/>
<small><i>(Hover the method name to see the test class name)</i></small><p/>
<table width='100%' border='1' class='invocation-failed'>
<tr><td colspan='4' align='center'><b>FAILED TESTS</b></td></tr>
<tr><td><b>Test method</b></td>
<td><b>Attribute(s)</b></td>
<td width="30%"><b>Exception</b></td>
<td width="10%"><b>Time (seconds)</b></td>
<td><b>Instance</b></td>
</tr>
<tr>
<td title='com.salesforce.tests.Test_Accounts.test_createNewView()'><b>test_createNewView</b><br>Test class: com.salesforce.tests.Test_Accounts</td>
<td><div><pre>java.lang.AssertionError: expected [true] but found [false]
	at com.salesforce.tests.Test_Accounts.test_createNewView(Test_Accounts.java:107)
	at java.base/java.util.ArrayList.forEach(ArrayList.java:1511)
... Removed 34 stack frames</pre></div><a href='#' onClick='toggleBox("stack-trace1269039797", this, "Click to show all stack frames", "Click to hide stack frames")'>Click to show all stack frames</a>
<div class='stack-trace' id='stack-trace1269039797'><pre>java.lang.AssertionError: expected [true] but found [false]
	at org.testng.Assert.fail(Assert.java:111)
	at org.testng.Assert.failNotEquals(Assert.java:1578)
	at org.testng.Assert.assertEqualsImpl(Assert.java:150)
	at org.testng.Assert.assertEquals(Assert.java:132)
	at org.testng.Assert.assertEquals(Assert.java:1067)
	at org.testng.Assert.assertEquals(Assert.java:1031)
	at org.testng.Assert.assertEquals(Assert.java:1077)
	at com.salesforce.tests.Test_Accounts.test_createNewView(Test_Accounts.java:107)
	at java.base/jdk.internal.reflect.NativeMethodAccessorImpl.invoke0(Native Method)
	at java.base/jdk.internal.reflect.NativeMethodAccessorImpl.invoke(NativeMethodAccessorImpl.java:77)
	at java.base/jdk.internal.reflect.DelegatingMethodAccessorImpl.invoke(DelegatingMethodAccessorImpl.java:43)
	at java.base/java.lang.reflect.Method.invoke(Method.java:568)
	at org.testng.internal.invokers.MethodInvocationHelper.invokeMethod(MethodInvocationHelper.java:141)
	at org.testng.internal.invokers.TestInvoker.invokeMethod(TestInvoker.java:686)
	at org.testng.internal.invokers.TestInvoker.invokeTestMethod(TestInvoker.java:230)
	at org.testng.internal.invokers.MethodRunner.runInSequence(MethodRunner.java:63)
	at org.testng.internal.invokers.TestInvoker$MethodInvocationAgent.invoke(TestInvoker.java:992)
	at org.testng.internal.invokers.TestInvoker.invokeTestMethods(TestInvoker.java:203)
	at org.testng.internal.invokers.TestMethodWorker.invokeTestMethods(TestMethodWorker.java:154)
	at org.testng.internal.invokers.TestMethodWorker.run(TestMethodWorker.java:134)
	at java.base/java.util.ArrayList.forEach(ArrayList.java:1511)
	at org.testng.TestRunner.privateRun(TestRunner.java:739)
	at org.testng.TestRunner.run(TestRunner.java:614)
	at org.testng.SuiteRunner.runTest(SuiteRunner.java:421)
	at org.testng.SuiteRunner.runSequentially(SuiteRunner.java:413)
	at org.testng.SuiteRunner.privateRun(SuiteRunner.java:373)
	at org.testng.SuiteRunner.run(SuiteRunner.java:312)
	at org.testng.SuiteRunnerWorker.runSuite(SuiteRunnerWorker.java:52)
	at org.testng.SuiteRunnerWorker.run(SuiteRunnerWorker.java:95)
	at org.testng.TestNG.runSuitesSequentially(TestNG.java:1274)
	at org.testng.TestNG.runSuitesLocally(TestNG.java:1208)
	at org.testng.TestNG.runSuites(TestNG.java:1112)
	at org.testng.TestNG.run(TestNG.java:1079)
	at org.testng.remote.AbstractRemoteTestNG.run(AbstractRemoteTestNG.java:115)
	at org.testng.remote.RemoteTestNG.initAndRun(RemoteTestNG.java:293)
	at org.testng.remote.RemoteTestNG.main(RemoteTestNG.java:91)
</pre></div></td>
<td>8</td>
<td>com.salesforce.tests.Test_Accounts@17a87e37</td></tr>
<tr>
<td title='com.salesforce.tests.Test_Accounts.test_EditView()'><b>test_EditView</b><br>Test class: com.salesforce.tests.Test_Accounts</td>
<td><div><pre>org.openqa.selenium.NoSuchElementException: Cannot locate option with value: ACCOUNT.LAST_ACTIVITY
For documentation on this error, please visit: https://www.seleniumhq.org/exceptions/no_such_element.html
Build info: version: &apos;3.141.59&apos;, revision: &apos;e82be7d358&apos;, time: &apos;2018-11-14T08:17:03&apos;
System info: host: &apos;DESKTOP-JPO1NOA&apos;, ip: &apos;192.168.56.1&apos;, os.name: &apos;Windows 11&apos;, os.arch: &apos;amd64&apos;, os.version: &apos;10.0&apos;, java.version: &apos;17.0.12&apos;
Driver info: driver.version: unknown
	at org.openqa.selenium.support.ui.Select.findOptionsByValue(Select.java:283)
	at org.openqa.selenium.support.ui.Select.selectByValue(Select.java:186)
	at com.salesforce.pages.base.BasePage.selectDropDownOption(BasePage.java:140)
	at com.salesforce.tests.Test_Accounts.test_EditView(Test_Accounts.java:141)
	at java.base/java.util.ArrayList.forEach(ArrayList.java:1511)
... Removed 27 stack frames</pre></div><a href='#' onClick='toggleBox("stack-trace1676585156", this, "Click to show all stack frames", "Click to hide stack frames")'>Click to show all stack frames</a>
<div class='stack-trace' id='stack-trace1676585156'><pre>org.openqa.selenium.NoSuchElementException: Cannot locate option with value: ACCOUNT.LAST_ACTIVITY
For documentation on this error, please visit: https://www.seleniumhq.org/exceptions/no_such_element.html
Build info: version: &apos;3.141.59&apos;, revision: &apos;e82be7d358&apos;, time: &apos;2018-11-14T08:17:03&apos;
System info: host: &apos;DESKTOP-JPO1NOA&apos;, ip: &apos;192.168.56.1&apos;, os.name: &apos;Windows 11&apos;, os.arch: &apos;amd64&apos;, os.version: &apos;10.0&apos;, java.version: &apos;17.0.12&apos;
Driver info: driver.version: unknown
	at org.openqa.selenium.support.ui.Select.findOptionsByValue(Select.java:283)
	at org.openqa.selenium.support.ui.Select.selectByValue(Select.java:186)
	at com.salesforce.pages.base.BasePage.selectDropDownOption(BasePage.java:140)
	at com.salesforce.tests.Test_Accounts.test_EditView(Test_Accounts.java:141)
	at java.base/jdk.internal.reflect.NativeMethodAccessorImpl.invoke0(Native Method)
	at java.base/jdk.internal.reflect.NativeMethodAccessorImpl.invoke(NativeMethodAccessorImpl.java:77)
	at java.base/jdk.internal.reflect.DelegatingMethodAccessorImpl.invoke(DelegatingMethodAccessorImpl.java:43)
	at java.base/java.lang.reflect.Method.invoke(Method.java:568)
	at org.testng.internal.invokers.MethodInvocationHelper.invokeMethod(MethodInvocationHelper.java:141)
	at org.testng.internal.invokers.TestInvoker.invokeMethod(TestInvoker.java:686)
	at org.testng.internal.invokers.TestInvoker.invokeTestMethod(TestInvoker.java:230)
	at org.testng.internal.invokers.MethodRunner.runInSequence(MethodRunner.java:63)
	at org.testng.internal.invokers.TestInvoker$MethodInvocationAgent.invoke(TestInvoker.java:992)
	at org.testng.internal.invokers.TestInvoker.invokeTestMethods(TestInvoker.java:203)
	at org.testng.internal.invokers.TestMethodWorker.invokeTestMethods(TestMethodWorker.java:154)
	at org.testng.internal.invokers.TestMethodWorker.run(TestMethodWorker.java:134)
	at java.base/java.util.ArrayList.forEach(ArrayList.java:1511)
	at org.testng.TestRunner.privateRun(TestRunner.java:739)
	at org.testng.TestRunner.run(TestRunner.java:614)
	at org.testng.SuiteRunner.runTest(SuiteRunner.java:421)
	at org.testng.SuiteRunner.runSequentially(SuiteRunner.java:413)
	at org.testng.SuiteRunner.privateRun(SuiteRunner.java:373)
	at org.testng.SuiteRunner.run(SuiteRunner.java:312)
	at org.testng.SuiteRunnerWorker.runSuite(SuiteRunnerWorker.java:52)
	at org.testng.SuiteRunnerWorker.run(SuiteRunnerWorker.java:95)
	at org.testng.TestNG.runSuitesSequentially(TestNG.java:1274)
	at org.testng.TestNG.runSuitesLocally(TestNG.java:1208)
	at org.testng.TestNG.runSuites(TestNG.java:1112)
	at org.testng.TestNG.run(TestNG.java:1079)
	at org.testng.remote.AbstractRemoteTestNG.run(AbstractRemoteTestNG.java:115)
	at org.testng.remote.RemoteTestNG.initAndRun(RemoteTestNG.java:293)
	at org.testng.remote.RemoteTestNG.main(RemoteTestNG.java:91)
</pre></div></td>
<td>5</td>
<td>com.salesforce.tests.Test_Accounts@17a87e37</td></tr>
</table><p>
<table width='100%' border='1' class='invocation-passed'>
<tr><td colspan='4' align='center'><b>PASSED TESTS</b></td></tr>
<tr><td><b>Test method</b></td>
<td><b>Attribute(s)</b></td>
<td width="30%"><b>Exception</b></td>
<td width="10%"><b>Time (seconds)</b></td>
<td><b>Instance</b></td>
</tr>
<tr>
<td title='com.salesforce.tests.Test_UserMenuDropDown.test_MySettings()'><b>test_MySettings</b><br>Test class: com.salesforce.tests.Test_UserMenuDropDown</td>
<td></td>
<td>25</td>
<td>com.salesforce.tests.Test_UserMenuDropDown@4b3a45f1</td></tr>
<tr>
<td title='com.salesforce.tests.Test_SFDCLogin.test_CheckRememberMe()'><b>test_CheckRememberMe</b><br>Test class: com.salesforce.tests.Test_SFDCLogin<br>Parameters: chrome</td>
<td></td>
<td>9</td>
<td>com.salesforce.tests.Test_SFDCLogin@2f6e28bc</td></tr>
<tr>
<td title='com.salesforce.tests.Test_SFDCLogin.test_LoginWithValidLoginCredentials()'><b>test_LoginWithValidLoginCredentials</b><br>Test class: com.salesforce.tests.Test_SFDCLogin<br>Parameters: chrome</td>
<td></td>
<td>6</td>
<td>com.salesforce.tests.Test_SFDCLogin@2f6e28bc</td></tr>
<tr>
<td title='com.salesforce.tests.Test_UserMenuDropDown.test_MyProfileOption()'><b>test_MyProfileOption</b><br>Test class: com.salesforce.tests.Test_UserMenuDropDown</td>
<td></td>
<td>3</td>
<td>com.salesforce.tests.Test_UserMenuDropDown@4b3a45f1</td></tr>
<tr>
<td title='com.salesforce.tests.Test_SFDCLogin.test_LoginWithInvalidUserNamePswd()'><b>test_LoginWithInvalidUserNamePswd</b><br>Test class: com.salesforce.tests.Test_SFDCLogin<br>Parameters: chrome</td>
<td></td>
<td>5</td>
<td>com.salesforce.tests.Test_SFDCLogin@2f6e28bc</td></tr>
<tr>
<td title='com.salesforce.tests.Test_UserMenuDropDown.test_LogoutOption()'><b>test_LogoutOption</b><br>Test class: com.salesforce.tests.Test_UserMenuDropDown</td>
<td></td>
<td>2</td>
<td>com.salesforce.tests.Test_UserMenuDropDown@4b3a45f1</td></tr>
<tr>
<td title='com.salesforce.tests.Test_Accounts.test_createAccounts()'><b>test_createAccounts</b><br>Test class: com.salesforce.tests.Test_Accounts</td>
<td></td>
<td>7</td>
<td>com.salesforce.tests.Test_Accounts@17a87e37</td></tr>
<tr>
<td title='com.salesforce.tests.Test_SFDCLogin.test_LoginErrorMessage()'><b>test_LoginErrorMessage</b><br>Test class: com.salesforce.tests.Test_SFDCLogin<br>Parameters: chrome</td>
<td></td>
<td>3</td>
<td>com.salesforce.tests.Test_SFDCLogin@2f6e28bc</td></tr>
<tr>
<td title='com.salesforce.tests.Test_SFDCLogin.test_ForgotPassword()'><b>test_ForgotPassword</b><br>Test class: com.salesforce.tests.Test_SFDCLogin<br>Parameters: chrome</td>
<td></td>
<td>4</td>
<td>com.salesforce.tests.Test_SFDCLogin@2f6e28bc</td></tr>
<tr>
<td title='com.salesforce.tests.Test_UserMenuDropDown.test_DeveloperConsoleOption()'><b>test_DeveloperConsoleOption</b><br>Test class: com.salesforce.tests.Test_UserMenuDropDown</td>
<td></td>
<td>4</td>
<td>com.salesforce.tests.Test_UserMenuDropDown@4b3a45f1</td></tr>
<tr>
<td title='com.salesforce.tests.Test_UserMenuDropDown.test_SelectUserMenuDropDown()'><b>test_SelectUserMenuDropDown</b><br>Test class: com.salesforce.tests.Test_UserMenuDropDown</td>
<td></td>
<td>0</td>
<td>com.salesforce.tests.Test_UserMenuDropDown@4b3a45f1</td></tr>
</table><p>
</body>
</html>