<?xml version="1.0" encoding="UTF-8"?>
<!-- Generated by org.testng.reporters.JUnitXMLReporter -->
<testsuite ignored="0" hostname="DESKTOP-JPO1NOA" failures="2" tests="13" name="AllTest" time="264.579" errors="0" timestamp="2024-10-27T21:55:39 PDT">
  <testcase classname="com.salesforce.tests.Test_SFDCLogin" name="test_CheckRememberMe" time="9.546"/>
  <testcase classname="com.salesforce.tests.Test_SFDCLogin" name="test_ForgotPassword" time="4.418"/>
  <testcase classname="com.salesforce.tests.Test_SFDCLogin" name="test_LoginErrorMessage" time="3.741"/>
  <testcase classname="com.salesforce.tests.Test_SFDCLogin" name="test_LoginWithInvalidUserNamePswd" time="5.357"/>
  <testcase classname="com.salesforce.tests.Test_SFDCLogin" name="test_LoginWithValidLoginCredentials" time="6.927"/>
  <testcase classname="com.salesforce.tests.Test_UserMenuDropDown" name="test_DeveloperConsoleOption" time="4.62"/>
  <testcase classname="com.salesforce.tests.Test_UserMenuDropDown" name="test_LogoutOption" time="2.65"/>
  <testcase classname="com.salesforce.tests.Test_UserMenuDropDown" name="test_MyProfileOption" time="3.657"/>
  <testcase classname="com.salesforce.tests.Test_UserMenuDropDown" name="test_MySettings" time="25.319"/>
  <testcase classname="com.salesforce.tests.Test_UserMenuDropDown" name="test_SelectUserMenuDropDown" time="0.512"/>
  <testcase classname="com.salesforce.tests.Test_Accounts" name="test_EditView" time="5.242">
    <failure type="org.openqa.selenium.NoSuchElementException" message="Cannot locate option with value: ACCOUNT.LAST_ACTIVITY
For documentation on this error, please visit: https://www.seleniumhq.org/exceptions/no_such_element.html
Build info: version: &amp;apos;3.141.59&amp;apos;, revision: &amp;apos;e82be7d358&amp;apos;, time: &amp;apos;2018-11-14T08:17:03&amp;apos;
System info: host: &amp;apos;DESKTOP-JPO1NOA&amp;apos;, ip: &amp;apos;192.168.56.1&amp;apos;, os.name: &amp;apos;Windows 11&amp;apos;, os.arch: &amp;apos;amd64&amp;apos;, os.version: &amp;apos;10.0&amp;apos;, java.version: &amp;apos;17.0.12&amp;apos;
Driver info: driver.version: unknown">
      <![CDATA[org.openqa.selenium.NoSuchElementException: Cannot locate option with value: ACCOUNT.LAST_ACTIVITY
For documentation on this error, please visit: https://www.seleniumhq.org/exceptions/no_such_element.html
Build info: version: '3.141.59', revision: 'e82be7d358', time: '2018-11-14T08:17:03'
System info: host: 'DESKTOP-JPO1NOA', ip: '192.168.56.1', os.name: 'Windows 11', os.arch: 'amd64', os.version: '10.0', java.version: '17.0.12'
Driver info: driver.version: unknown
at org.openqa.selenium.support.ui.Select.findOptionsByValue(Select.java:283)
at org.openqa.selenium.support.ui.Select.selectByValue(Select.java:186)
at com.salesforce.pages.base.BasePage.selectDropDownOption(BasePage.java:140)
at com.salesforce.tests.Test_Accounts.test_EditView(Test_Accounts.java:141)
at java.base/java.util.ArrayList.forEach(ArrayList.java:1511)
... Removed 27 stack frames]]>
    </failure>
  </testcase> <!-- test_EditView -->
  <testcase classname="com.salesforce.tests.Test_Accounts" name="test_createAccounts" time="7.436"/>
  <testcase classname="com.salesforce.tests.Test_Accounts" name="test_createNewView" time="8.622">
    <failure type="java.lang.AssertionError" message="expected [true] but found [false]">
      <![CDATA[java.lang.AssertionError: expected [true] but found [false]
at com.salesforce.tests.Test_Accounts.test_createNewView(Test_Accounts.java:107)
at java.base/java.util.ArrayList.forEach(ArrayList.java:1511)
... Removed 34 stack frames]]>
    </failure>
  </testcase> <!-- test_createNewView -->
</testsuite> <!-- AllTest -->
