<!DOCTYPE html PUBLIC "-//W3C//DTD XHTML 1.1//EN" "https://www.w3.org/TR/xhtml11/DTD/xhtml11.dtd">
<html xmlns="https://www.w3.org/1999/xhtml">
<head>
<meta http-equiv="content-type" content="text/html; charset=UTF-8"/>
<title>TestNG Report</title>
<style type="text/css">table {margin-bottom:10px;border-collapse:collapse;empty-cells:show}th,td {border:1px solid #009;padding:.25em .5em}th {vertical-align:bottom}td {vertical-align:top}table a {font-weight:bold}.stripe td {background-color: #E6EBF9}.num {text-align:right}.passedodd td {background-color: #3F3}.passedeven td {background-color: #0A0}.skippedodd td {background-color: #DDD}.skippedeven td {background-color: #CCC}.failedodd td,.attn {background-color: #F33}.failedeven td,.stripe .attn {background-color: #D00}.stacktrace {white-space:pre;font-family:monospace}.totop {font-size:85%;text-align:center;border-bottom:2px solid #000}.invisible {display:none}</style>
</head>
<body>
<table>
<tr><th>Test</th><th># Passed</th><th># Skipped</th><th># Retried</th><th># Failed</th><th>Time (ms)</th><th>Included Groups</th><th>Excluded Groups</th></tr>
<tr><th colspan="8">Suite</th></tr>
<tr><td><a href="#t0">AllTest</a></td><td class="num">11</td><td class="num">0</td><td class="num">0</td><td class="num attn">2</td><td class="num">264,579</td><td></td><td></td></tr>
</table>
<table id='summary'><thead><tr><th>Class</th><th>Method</th><th>Start</th><th>Time (ms)</th></tr></thead><tbody><tr><th colspan="4">Suite</th></tr></tbody><tbody id="t0"><tr><th colspan="4">AllTest &#8212; failed</th></tr><tr class="failedeven"><td rowspan="2">com.salesforce.tests.Test_Accounts</td><td><a href="#m0">test_EditView</a></td><td rowspan="1">1730091258641</td><td rowspan="1">5242</td></tr><tr class="failedeven"><td><a href="#m1">test_createNewView</a></td><td rowspan="1">1730091329396</td><td rowspan="1">8622</td></tr><tr><th colspan="4">AllTest &#8212; passed</th></tr><tr class="passedeven"><td rowspan="1">com.salesforce.tests.Test_Accounts</td><td><a href="#m2">test_createAccounts</a></td><td rowspan="1">1730091284861</td><td rowspan="1">7436</td></tr><tr class="passedodd"><td rowspan="5">com.salesforce.tests.Test_SFDCLogin</td><td><a href="#m3">test_CheckRememberMe</a></td><td rowspan="1">1730091075312</td><td rowspan="1">9546</td></tr><tr class="passedodd"><td><a href="#m4">test_ForgotPassword</a></td><td rowspan="1">1730091085141</td><td rowspan="1">4418</td></tr><tr class="passedodd"><td><a href="#m5">test_LoginErrorMessage</a></td><td rowspan="1">1730091089823</td><td rowspan="1">3741</td></tr><tr class="passedodd"><td><a href="#m6">test_LoginWithInvalidUserNamePswd</a></td><td rowspan="1">1730091093955</td><td rowspan="1">5357</td></tr><tr class="passedodd"><td><a href="#m7">test_LoginWithValidLoginCredentials</a></td><td rowspan="1">1730091099687</td><td rowspan="1">6927</td></tr><tr class="passedeven"><td rowspan="5">com.salesforce.tests.Test_UserMenuDropDown</td><td><a href="#m8">test_DeveloperConsoleOption</a></td><td rowspan="1">1730091115593</td><td rowspan="1">4620</td></tr><tr class="passedeven"><td><a href="#m9">test_LogoutOption</a></td><td rowspan="1">1730091135087</td><td rowspan="1">2650</td></tr><tr class="passedeven"><td><a href="#m10">test_MyProfileOption</a></td><td rowspan="1">1730091153794</td><td rowspan="1">3657</td></tr><tr class="passedeven"><td><a href="#m11">test_MySettings</a></td><td rowspan="1">1730091190322</td><td rowspan="1">25319</td></tr><tr class="passedeven"><td><a href="#m12">test_SelectUserMenuDropDown</a></td><td rowspan="1">1730091243455</td><td rowspan="1">512</td></tr></tbody>
</table>
<h2>AllTest</h2><h3 id="m0">com.salesforce.tests.Test_Accounts#test_EditView</h3><table class="result"><tr><th>Exception</th></tr><tr><td><div class="stacktrace">org.openqa.selenium.NoSuchElementException: Cannot locate option with value: ACCOUNT.LAST_ACTIVITY
For documentation on this error, please visit: https://www.seleniumhq.org/exceptions/no_such_element.html
Build info: version: &apos;3.141.59&apos;, revision: &apos;e82be7d358&apos;, time: &apos;2018-11-14T08:17:03&apos;
System info: host: &apos;DESKTOP-JPO1NOA&apos;, ip: &apos;192.168.56.1&apos;, os.name: &apos;Windows 11&apos;, os.arch: &apos;amd64&apos;, os.version: &apos;10.0&apos;, java.version: &apos;17.0.12&apos;
Driver info: driver.version: unknown
	at org.openqa.selenium.support.ui.Select.findOptionsByValue(Select.java:283)
	at org.openqa.selenium.support.ui.Select.selectByValue(Select.java:186)
	at com.salesforce.pages.base.BasePage.selectDropDownOption(BasePage.java:140)
	at com.salesforce.tests.Test_Accounts.test_EditView(Test_Accounts.java:141)
	at java.base/java.util.ArrayList.forEach(ArrayList.java:1511)
... Removed 27 stack frames</div></td></tr></table><p class="totop"><a href="#summary">back to summary</a></p>
<h3 id="m1">com.salesforce.tests.Test_Accounts#test_createNewView</h3><table class="result"><tr><th>Exception</th></tr><tr><td><div class="stacktrace">java.lang.AssertionError: expected [true] but found [false]
	at com.salesforce.tests.Test_Accounts.test_createNewView(Test_Accounts.java:107)
	at java.base/java.util.ArrayList.forEach(ArrayList.java:1511)
... Removed 34 stack frames</div></td></tr></table><p class="totop"><a href="#summary">back to summary</a></p>
<h3 id="m2">com.salesforce.tests.Test_Accounts#test_createAccounts</h3><table class="result"><tr><th class="invisible"/></tr></table><p class="totop"><a href="#summary">back to summary</a></p>
<h3 id="m3">com.salesforce.tests.Test_SFDCLogin#test_CheckRememberMe</h3><table class="result"><tr class="param"><th>Parameter #1</th></tr><tr class="param stripe"><td>chrome</td></tr></table><p class="totop"><a href="#summary">back to summary</a></p>
<h3 id="m4">com.salesforce.tests.Test_SFDCLogin#test_ForgotPassword</h3><table class="result"><tr class="param"><th>Parameter #1</th></tr><tr class="param stripe"><td>chrome</td></tr></table><p class="totop"><a href="#summary">back to summary</a></p>
<h3 id="m5">com.salesforce.tests.Test_SFDCLogin#test_LoginErrorMessage</h3><table class="result"><tr class="param"><th>Parameter #1</th></tr><tr class="param stripe"><td>chrome</td></tr></table><p class="totop"><a href="#summary">back to summary</a></p>
<h3 id="m6">com.salesforce.tests.Test_SFDCLogin#test_LoginWithInvalidUserNamePswd</h3><table class="result"><tr class="param"><th>Parameter #1</th></tr><tr class="param stripe"><td>chrome</td></tr></table><p class="totop"><a href="#summary">back to summary</a></p>
<h3 id="m7">com.salesforce.tests.Test_SFDCLogin#test_LoginWithValidLoginCredentials</h3><table class="result"><tr class="param"><th>Parameter #1</th></tr><tr class="param stripe"><td>chrome</td></tr></table><p class="totop"><a href="#summary">back to summary</a></p>
<h3 id="m8">com.salesforce.tests.Test_UserMenuDropDown#test_DeveloperConsoleOption</h3><table class="result"><tr><th class="invisible"/></tr></table><p class="totop"><a href="#summary">back to summary</a></p>
<h3 id="m9">com.salesforce.tests.Test_UserMenuDropDown#test_LogoutOption</h3><table class="result"><tr><th class="invisible"/></tr></table><p class="totop"><a href="#summary">back to summary</a></p>
<h3 id="m10">com.salesforce.tests.Test_UserMenuDropDown#test_MyProfileOption</h3><table class="result"><tr><th class="invisible"/></tr></table><p class="totop"><a href="#summary">back to summary</a></p>
<h3 id="m11">com.salesforce.tests.Test_UserMenuDropDown#test_MySettings</h3><table class="result"><tr><th class="invisible"/></tr></table><p class="totop"><a href="#summary">back to summary</a></p>
<h3 id="m12">com.salesforce.tests.Test_UserMenuDropDown#test_SelectUserMenuDropDown</h3><table class="result"><tr><th class="invisible"/></tr></table><p class="totop"><a href="#summary">back to summary</a></p>
</body>
</html>
